<?xml version="1.0" encoding="utf-8"?><testsuites name="pytest tests"><testsuite name="pytest" errors="0" failures="0" skipped="0" tests="15" time="3.295" timestamp="2026-04-23T21:47:12.972826+00:00" hostname="agent-env-4e2e8b39-b259-4761-ac93-b2c94a3857cd"><testcase classname="backend.tests.test_torciblox_backend" name="test_root" time="0.440" /><testcase classname="backend.tests.test_torciblox_backend" name="test_config" time="0.060" /><testcase classname="backend.tests.test_torciblox_backend" name="test_products_list_and_categories" time="0.053" /><testcase classname="backend.tests.test_torciblox_backend" name="test_torcoins_products" time="0.051" /><testcase classname="backend.tests.test_torciblox_backend" name="test_login_success" time="0.284" /><testcase classname="backend.tests.test_torciblox_backend" name="test_login_invalid" time="0.430" /><testcase classname="backend.tests.test_torciblox_backend" name="test_me_with_token" time="0.471" /><testcase classname="backend.tests.test_torciblox_backend" name="test_me_without_token" time="0.167" /><testcase classname="backend.tests.test_torciblox_backend" name="test_product_crud" time="0.271" /><testcase classname="backend.tests.test_torciblox_backend" name="test_product_create_requires_auth" time="0.173" /><testcase classname="backend.tests.test_torciblox_backend" name="test_create_order_success" time="0.106" /><testcase classname="backend.tests.test_torciblox_backend" name="test_create_order_invalid_product" time="0.055" /><testcase classname="backend.tests.test_torciblox_backend" name="test_create_order_empty_items" time="0.050" /><testcase classname="backend.tests.test_torciblox_backend" name="test_list_orders_requires_auth" time="0.141" /><testcase classname="backend.tests.test_torciblox_backend" name="test_list_orders_and_update_status" time="0.305" /></testsuite></testsuites>